<?xml version="1.0" encoding="UTF-8"?>
<!-- Generated by org.testng.reporters.JUnitReportReporter -->
<testsuite hostname="DESKTOP-4BH40TL" failures="0" tests="1" name="stepDefinations.BaseTest" time="2.746" errors="0" timestamp="2025-06-27T17:05:28 IST" skipped="0">
  <testcase classname="stepDefinations.BaseTest" name="openBrowser" time="2.746"/>
</testsuite> <!-- stepDefinations.BaseTest -->
