<?xml version="1.0" encoding="UTF-8"?>
<!-- Generated by org.testng.reporters.JUnitReportReporter -->
<testsuite hostname="DESKTOP-4BH40TL" failures="0" tests="1" name="stepDefinations.LoginTest" time="5.630" errors="0" timestamp="2025-06-27T18:12:07 IST" skipped="0">
  <testcase classname="stepDefinations.LoginTest" name="openBrowser" time="5.630"/>
</testsuite> <!-- stepDefinations.LoginTest -->
